Flutter crash report.
Please report a bug at https://github.com/flutter/flutter/issues.

## command

flutter run --machine --start-paused -d windows --devtools-server-address http://127.0.0.1:9100/ --target C:\Multiplatform\halaman_login\lib\main.dart

## exception

PathAccessException: PathAccessException: Cannot open file, path = 'C:\Users\fabya\AppData\Local\Pub\Cache\hosted\pub.dev\async-2.11.0\pubspec.yaml' (OS Error: Access is denied.
, errno = 5)

```
#0      _checkForErrorResponse (dart:io/common.dart:55:9)
#1      _File.open.<anonymous closure> (dart:io/file_impl.dart:381:7)
#2      _rootRunUnary (dart:async/zone.dart:1407:47)
#3      _CustomZone.runUnary (dart:async/zone.dart:1308:19)
<asynchronous suspension>
#4      _File.readAsBytes.<anonymous closure> (dart:io/file_impl.dart:562:24)
<asynchronous suspension>
#5      _File.readAsString (dart:io/file_impl.dart:621:18)
<asynchronous suspension>
#6      _pluginFromPackage (package:flutter_tools/src/flutter_plugins.dart:53:24)
<asynchronous suspension>
#7      findPlugins (package:flutter_tools/src/flutter_plugins.dart:96:28)
<asynchronous suspension>
#8      refreshPluginsList (package:flutter_tools/src/flutter_plugins.dart:1009:32)
<asynchronous suspension>
#9      FlutterProject.ensureReadyForPlatformSpecificTooling (package:flutter_tools/src/project.dart:379:5)
<asynchronous suspension>
#10     FlutterCommand.verifyThenRunCommand (package:flutter_tools/src/runner/flutter_command.dart:1750:7)
<asynchronous suspension>
#11     FlutterCommand.run.<anonymous closure> (package:flutter_tools/src/runner/flutter_command.dart:1408:27)
<asynchronous suspension>
#12     AppContext.run.<anonymous closure> (package:flutter_tools/src/base/context.dart:153:19)
<asynchronous suspension>
#13     CommandRunner.runCommand (package:args/command_runner.dart:212:13)
<asynchronous suspension>
#14     FlutterCommandRunner.runCommand.<anonymous closure> (package:flutter_tools/src/runner/flutter_command_runner.dart:420:9)
<asynchronous suspension>
#15     AppContext.run.<anonymous closure> (package:flutter_tools/src/base/context.dart:153:19)
<asynchronous suspension>
#16     FlutterCommandRunner.runCommand (package:flutter_tools/src/runner/flutter_command_runner.dart:364:5)
<asynchronous suspension>
#17     run.<anonymous closure>.<anonymous closure> (package:flutter_tools/runner.dart:130:9)
<asynchronous suspension>
#18     AppContext.run.<anonymous closure> (package:flutter_tools/src/base/context.dart:153:19)
<asynchronous suspension>
#19     main (package:flutter_tools/executable.dart:93:3)
<asynchronous suspension>
```

## flutter doctor

```
[✓] Flutter (Channel stable, 3.24.3, on Microsoft Windows [Version 10.0.22631.4317], locale en-ID)
    • Flutter version 3.24.3 on channel stable at C:\flutter\src\flutter
    • Upstream repository https://github.com/flutter/flutter.git
    • Framework revision 2663184aa7 (5 weeks ago), 2024-09-11 16:27:48 -0500
    • Engine revision 36335019a8
    • Dart version 3.5.3
    • DevTools version 2.37.3

[✓] Windows Version (Installed version of Windows is version 10 or higher)

[!] Android toolchain - develop for Android devices (Android SDK version 34.0.0)
    • Android SDK at C:\Users\fabya\AppData\Local\Android\sdk
    ✗ cmdline-tools component is missing
      Run `path/to/sdkmanager --install "cmdline-tools;latest"`
      See https://developer.android.com/studio/command-line for more details.
    ✗ Android license status unknown.
      Run `flutter doctor --android-licenses` to accept the SDK licenses.
      See https://flutter.dev/to/windows-android-setup for more details.

[✓] Chrome - develop for the web
    • Chrome at C:\Program Files\Google\Chrome\Application\chrome.exe

[✗] Visual Studio - develop Windows apps
    ✗ Visual Studio not installed; this is necessary to develop Windows apps.
      Download at https://visualstudio.microsoft.com/downloads/.
      Please install the "Desktop development with C++" workload, including all of its default components

[✓] Android Studio (version 2024.2)
    • Android Studio at C:\Program Files\Android\Android Studio
    • Flutter plugin can be installed from:
      🔨 https://plugins.jetbrains.com/plugin/9212-flutter
    • Dart plugin can be installed from:
      🔨 https://plugins.jetbrains.com/plugin/6351-dart
    • Java version OpenJDK Runtime Environment (build 21.0.3+-12282718-b509.11)

[✓] VS Code (version 1.94.2)
    • VS Code at C:\Users\fabya\AppData\Local\Programs\Microsoft VS Code
    • Flutter extension version 3.98.0

[☠] Connected device (the doctor check crashed)
    ✗ Due to an error, the doctor check did not complete. If the error message below is not helpful, please let us know about this issue at https://github.com/flutter/flutter/issues.
    ✗ Error: Flutter failed to run "C:\Users\fabya\AppData\Local\Android\sdk\platform-tools\adb.exe devices -l". The flutter tool cannot access the file or directory.
      Please ensure that the SDK and/or project is installed in a location that has read/write permissions for the current user.
    • #0      throwToolExit (package:flutter_tools/src/base/common.dart:10:3)
      #1      _throwFileSystemException (package:flutter_tools/src/base/error_handling_io.dart:844:3)
      #2      _handleWindowsException (package:flutter_tools/src/base/error_handling_io.dart:834:3)
      #3      _run (package:flutter_tools/src/base/error_handling_io.dart:584:7)
      <asynchronous suspension>
      #4      _DefaultProcessUtils.run (package:flutter_tools/src/base/process.dart:361:37)
      <asynchronous suspension>
      #5      AndroidDevices.pollingGetDevices (package:flutter_tools/src/android/android_device_discovery.dart:71:15)
      <asynchronous suspension>
      #6      PollingDeviceDiscovery._populateDevices (package:flutter_tools/src/device.dart:548:36)
      <asynchronous suspension>
      #7      Future.wait.<anonymous closure> (dart:async/future.dart:534:21)
      <asynchronous suspension>
      #8      DeviceManager.refreshAllDevices (package:flutter_tools/src/device.dart:218:40)
      <asynchronous suspension>
      #9      DeviceValidator.validate (package:flutter_tools/src/doctor.dart:715:34)
      <asynchronous suspension>
      #10     Future.any.onValue (dart:async/future.dart:628:5)
      <asynchronous suspension>


[✓] Network resources
    • All expected network resources are available.

! Doctor found issues in 3 categories.
```
